<?xml version="1.0" encoding="UTF-8"?>
<!-- Generated by org.testng.reporters.JUnitReportReporter -->
<testsuite hostname="DESKTOP-38RNQ6K" failures="0" tests="1" name="SeleniumTest.SeleniumTest.AutoSuggestions" time="10.377" errors="0" timestamp="2024-07-10T15:15:45 IST" skipped="0">
  <testcase classname="SeleniumTest.SeleniumTest.AutoSuggestions" name="selectValueFromDropdown" time="10.377"/>
</testsuite> <!-- SeleniumTest.SeleniumTest.AutoSuggestions -->
