<?xml version="1.0" encoding="UTF-8"?>
<!-- Generated by org.testng.reporters.JUnitReportReporter -->
<testsuite hostname="DESKTOP-38RNQ6K" failures="0" tests="2" name="FisrtRestAssuredTest" time="6.240" errors="0" timestamp="2024-07-08T23:33:59 IST" skipped="0">
  <testcase classname="FisrtRestAssuredTest" name="getUser" time="0.328"/>
  <system-out/>
  <testcase classname="FisrtRestAssuredTest" name="createUser" time="5.912"/>
  <system-out/>
</testsuite> <!-- FisrtRestAssuredTest -->
