<?xml version="1.0" encoding="UTF-8"?>
<!-- Generated by org.testng.reporters.JUnitReportReporter -->
<testsuite hostname="DESKTOP-38RNQ6K" failures="0" tests="1" name="selemium.StaticTableFindValue" time="9.488" errors="0" timestamp="2024-06-24T11:52:36 IST" skipped="0">
  <testcase classname="selemium.StaticTableFindValue" name="selectperticularValue" time="9.488"/>
</testsuite> <!-- selemium.StaticTableFindValue -->
