<?xml version="1.0" encoding="UTF-8"?>
<!-- Generated by org.testng.reporters.JUnitReportReporter -->
<testsuite hostname="DESKTOP-38RNQ6K" failures="0" tests="1" name="selemium.StaticTable" time="10.316" errors="0" timestamp="2024-06-24T11:12:44 IST" skipped="0">
  <testcase classname="selemium.StaticTable" name="staticTable" time="10.316"/>
</testsuite> <!-- selemium.StaticTable -->
