<?xml version="1.0" encoding="UTF-8"?>
<!-- Generated by org.testng.reporters.JUnitReportReporter -->
<testsuite hostname="DESKTOP-38RNQ6K" failures="0" tests="1" name="selenium.TestNGTest" time="11.427" errors="0" timestamp="2024-06-23T20:30:34 IST" skipped="0">
  <testcase classname="selenium.TestNGTest" name="test" time="11.427"/>
</testsuite> <!-- selenium.TestNGTest -->
